2024-04-20 07:55:04,882 - start
[32m[I 2024-04-20 08:00:07,274][0m Finished trial#0 with value: 0.6397333333333335 with parameters: {'remove_pct': 63, 'add_pct': 46, 'dataset': 'citeseer', 'i': '2', 'gnn': 'gcn', 'eval_orig': 0}. Best is trial#0 with value: 0.6397333333333335.[0m
[32m[I 2024-04-20 08:05:05,930][0m Finished trial#1 with value: 0.6252 with parameters: {'remove_pct': 80, 'add_pct': 70, 'dataset': 'citeseer', 'i': '2', 'gnn': 'gcn', 'eval_orig': 0}. Best is trial#0 with value: 0.6397333333333335.[0m
[32m[I 2024-04-20 08:10:05,206][0m Finished trial#2 with value: 0.6438999999999999 with parameters: {'remove_pct': 68, 'add_pct': 49, 'dataset': 'citeseer', 'i': '2', 'gnn': 'gcn', 'eval_orig': 0}. Best is trial#2 with value: 0.6438999999999999.[0m
[32m[I 2024-04-20 08:14:56,294][0m Finished trial#3 with value: 0.6379333333333332 with parameters: {'remove_pct': 79, 'add_pct': 29, 'dataset': 'citeseer', 'i': '2', 'gnn': 'gcn', 'eval_orig': 0}. Best is trial#2 with value: 0.6438999999999999.[0m
[32m[I 2024-04-20 08:20:03,310][0m Finished trial#4 with value: 0.6518333333333335 with parameters: {'remove_pct': 63, 'add_pct': 72, 'dataset': 'citeseer', 'i': '2', 'gnn': 'gcn', 'eval_orig': 0}. Best is trial#4 with value: 0.6518333333333335.[0m
[32m[I 2024-04-20 08:25:12,189][0m Finished trial#5 with value: 0.6874999999999999 with parameters: {'remove_pct': 38, 'add_pct': 74, 'dataset': 'citeseer', 'i': '2', 'gnn': 'gcn', 'eval_orig': 0}. Best is trial#5 with value: 0.6874999999999999.[0m
[32m[I 2024-04-20 08:29:54,801][0m Finished trial#6 with value: 0.6442333333333333 with parameters: {'remove_pct': 72, 'add_pct': 2, 'dataset': 'citeseer', 'i': '2', 'gnn': 'gcn', 'eval_orig': 0}. Best is trial#5 with value: 0.6874999999999999.[0m
[32m[I 2024-04-20 08:35:09,214][0m Finished trial#7 with value: 0.7074333333333331 with parameters: {'remove_pct': 1, 'add_pct': 56, 'dataset': 'citeseer', 'i': '2', 'gnn': 'gcn', 'eval_orig': 0}. Best is trial#7 with value: 0.7074333333333331.[0m
[32m[I 2024-04-20 08:40:11,583][0m Finished trial#8 with value: 0.6878666666666666 with parameters: {'remove_pct': 30, 'add_pct': 23, 'dataset': 'citeseer', 'i': '2', 'gnn': 'gcn', 'eval_orig': 0}. Best is trial#7 with value: 0.7074333333333331.[0m
[32m[I 2024-04-20 08:45:02,604][0m Finished trial#9 with value: 0.6439333333333334 with parameters: {'remove_pct': 74, 'add_pct': 31, 'dataset': 'citeseer', 'i': '2', 'gnn': 'gcn', 'eval_orig': 0}. Best is trial#7 with value: 0.7074333333333331.[0m
[32m[I 2024-04-20 08:50:22,256][0m Finished trial#10 with value: 0.7051999999999999 with parameters: {'remove_pct': 1, 'add_pct': 58, 'dataset': 'citeseer', 'i': '2', 'gnn': 'gcn', 'eval_orig': 0}. Best is trial#7 with value: 0.7074333333333331.[0m
[32m[I 2024-04-20 08:55:42,506][0m Finished trial#11 with value: 0.7052999999999998 with parameters: {'remove_pct': 0, 'add_pct': 56, 'dataset': 'citeseer', 'i': '2', 'gnn': 'gcn', 'eval_orig': 0}. Best is trial#7 with value: 0.7074333333333331.[0m
[32m[I 2024-04-20 09:01:00,992][0m Finished trial#12 with value: 0.7048999999999999 with parameters: {'remove_pct': 1, 'add_pct': 58, 'dataset': 'citeseer', 'i': '2', 'gnn': 'gcn', 'eval_orig': 0}. Best is trial#7 with value: 0.7074333333333331.[0m
[32m[I 2024-04-20 09:06:22,009][0m Finished trial#13 with value: 0.6922 with parameters: {'remove_pct': 17, 'add_pct': 58, 'dataset': 'citeseer', 'i': '2', 'gnn': 'gcn', 'eval_orig': 0}. Best is trial#7 with value: 0.7074333333333331.[0m
[32m[I 2024-04-20 09:11:39,123][0m Finished trial#14 with value: 0.6952 with parameters: {'remove_pct': 14, 'add_pct': 40, 'dataset': 'citeseer', 'i': '2', 'gnn': 'gcn', 'eval_orig': 0}. Best is trial#7 with value: 0.7074333333333331.[0m
[32m[I 2024-04-20 09:17:00,742][0m Finished trial#15 with value: 0.6879333333333334 with parameters: {'remove_pct': 13, 'add_pct': 61, 'dataset': 'citeseer', 'i': '2', 'gnn': 'gcn', 'eval_orig': 0}. Best is trial#7 with value: 0.7074333333333331.[0m
[32m[I 2024-04-20 09:22:25,041][0m Finished trial#16 with value: 0.7115999999999999 with parameters: {'remove_pct': 0, 'add_pct': 49, 'dataset': 'citeseer', 'i': '2', 'gnn': 'gcn', 'eval_orig': 0}. Best is trial#16 with value: 0.7115999999999999.[0m
[32m[I 2024-04-20 09:27:23,568][0m Finished trial#17 with value: 0.6904333333333332 with parameters: {'remove_pct': 26, 'add_pct': 11, 'dataset': 'citeseer', 'i': '2', 'gnn': 'gcn', 'eval_orig': 0}. Best is trial#16 with value: 0.7115999999999999.[0m
[32m[I 2024-04-20 09:32:19,241][0m Finished trial#18 with value: 0.6624333333333333 with parameters: {'remove_pct': 50, 'add_pct': 41, 'dataset': 'citeseer', 'i': '2', 'gnn': 'gcn', 'eval_orig': 0}. Best is trial#16 with value: 0.7115999999999999.[0m
[32m[I 2024-04-20 09:37:41,892][0m Finished trial#19 with value: 0.7019999999999998 with parameters: {'remove_pct': 8, 'add_pct': 66, 'dataset': 'citeseer', 'i': '2', 'gnn': 'gcn', 'eval_orig': 0}. Best is trial#16 with value: 0.7115999999999999.[0m
[32m[I 2024-04-20 09:42:52,540][0m Finished trial#20 with value: 0.6888000000000001 with parameters: {'remove_pct': 25, 'add_pct': 48, 'dataset': 'citeseer', 'i': '2', 'gnn': 'gcn', 'eval_orig': 0}. Best is trial#16 with value: 0.7115999999999999.[0m
[32m[I 2024-04-20 09:48:20,078][0m Finished trial#21 with value: 0.7033000000000001 with parameters: {'remove_pct': 0, 'add_pct': 80, 'dataset': 'citeseer', 'i': '2', 'gnn': 'gcn', 'eval_orig': 0}. Best is trial#16 with value: 0.7115999999999999.[0m
[32m[I 2024-04-20 09:53:32,740][0m Finished trial#22 with value: 0.7090333333333333 with parameters: {'remove_pct': 6, 'add_pct': 52, 'dataset': 'citeseer', 'i': '2', 'gnn': 'gcn', 'eval_orig': 0}. Best is trial#16 with value: 0.7115999999999999.[0m
[32m[I 2024-04-20 09:58:49,820][0m Finished trial#23 with value: 0.7082333333333332 with parameters: {'remove_pct': 6, 'add_pct': 51, 'dataset': 'citeseer', 'i': '2', 'gnn': 'gcn', 'eval_orig': 0}. Best is trial#16 with value: 0.7115999999999999.[0m
[32m[I 2024-04-20 10:04:02,311][0m Finished trial#24 with value: 0.7097999999999999 with parameters: {'remove_pct': 8, 'add_pct': 35, 'dataset': 'citeseer', 'i': '2', 'gnn': 'gcn', 'eval_orig': 0}. Best is trial#16 with value: 0.7115999999999999.[0m
[32m[I 2024-04-20 10:09:12,699][0m Finished trial#25 with value: 0.6927000000000002 with parameters: {'remove_pct': 20, 'add_pct': 33, 'dataset': 'citeseer', 'i': '2', 'gnn': 'gcn', 'eval_orig': 0}. Best is trial#16 with value: 0.7115999999999999.[0m
[32m[I 2024-04-20 10:14:23,770][0m Finished trial#26 with value: 0.7067 with parameters: {'remove_pct': 8, 'add_pct': 21, 'dataset': 'citeseer', 'i': '2', 'gnn': 'gcn', 'eval_orig': 0}. Best is trial#16 with value: 0.7115999999999999.[0m
[32m[I 2024-04-20 10:19:25,486][0m Finished trial#27 with value: 0.6897999999999997 with parameters: {'remove_pct': 40, 'add_pct': 35, 'dataset': 'citeseer', 'i': '2', 'gnn': 'gcn', 'eval_orig': 0}. Best is trial#16 with value: 0.7115999999999999.[0m
[32m[I 2024-04-20 10:24:41,487][0m Finished trial#28 with value: 0.7021999999999997 with parameters: {'remove_pct': 9, 'add_pct': 43, 'dataset': 'citeseer', 'i': '2', 'gnn': 'gcn', 'eval_orig': 0}. Best is trial#16 with value: 0.7115999999999999.[0m
[32m[I 2024-04-20 10:29:48,027][0m Finished trial#29 with value: 0.6943666666666668 with parameters: {'remove_pct': 20, 'add_pct': 21, 'dataset': 'citeseer', 'i': '2', 'gnn': 'gcn', 'eval_orig': 0}. Best is trial#16 with value: 0.7115999999999999.[0m
[32m[I 2024-04-20 10:34:57,548][0m Finished trial#30 with value: 0.6802666666666666 with parameters: {'remove_pct': 32, 'add_pct': 37, 'dataset': 'citeseer', 'i': '2', 'gnn': 'gcn', 'eval_orig': 0}. Best is trial#16 with value: 0.7115999999999999.[0m
[32m[I 2024-04-20 10:40:21,397][0m Finished trial#31 with value: 0.7058999999999997 with parameters: {'remove_pct': 7, 'add_pct': 51, 'dataset': 'citeseer', 'i': '2', 'gnn': 'gcn', 'eval_orig': 0}. Best is trial#16 with value: 0.7115999999999999.[0m
[32m[I 2024-04-20 10:45:41,925][0m Finished trial#32 with value: 0.7131666666666666 with parameters: {'remove_pct': 5, 'add_pct': 45, 'dataset': 'citeseer', 'i': '2', 'gnn': 'gcn', 'eval_orig': 0}. Best is trial#32 with value: 0.7131666666666666.[0m
[32m[I 2024-04-20 10:51:06,176][0m Finished trial#33 with value: 0.6942666666666667 with parameters: {'remove_pct': 13, 'add_pct': 47, 'dataset': 'citeseer', 'i': '2', 'gnn': 'gcn', 'eval_orig': 0}. Best is trial#32 with value: 0.7131666666666666.[0m
[32m[I 2024-04-20 10:56:30,897][0m Finished trial#34 with value: 0.7137 with parameters: {'remove_pct': 3, 'add_pct': 44, 'dataset': 'citeseer', 'i': '2', 'gnn': 'gcn', 'eval_orig': 0}. Best is trial#34 with value: 0.7137.[0m
[32m[I 2024-04-20 11:01:44,803][0m Finished trial#35 with value: 0.7186333333333333 with parameters: {'remove_pct': 4, 'add_pct': 27, 'dataset': 'citeseer', 'i': '2', 'gnn': 'gcn', 'eval_orig': 0}. Best is trial#35 with value: 0.7186333333333333.[0m
[32m[I 2024-04-20 11:06:59,238][0m Finished trial#36 with value: 0.7188333333333335 with parameters: {'remove_pct': 4, 'add_pct': 26, 'dataset': 'citeseer', 'i': '2', 'gnn': 'gcn', 'eval_orig': 0}. Best is trial#36 with value: 0.7188333333333335.[0m
[32m[I 2024-04-20 11:11:57,337][0m Finished trial#37 with value: 0.6620333333333335 with parameters: {'remove_pct': 53, 'add_pct': 26, 'dataset': 'citeseer', 'i': '2', 'gnn': 'gcn', 'eval_orig': 0}. Best is trial#36 with value: 0.7188333333333335.[0m
[32m[I 2024-04-20 11:17:09,072][0m Finished trial#38 with value: 0.6936333333333333 with parameters: {'remove_pct': 18, 'add_pct': 15, 'dataset': 'citeseer', 'i': '2', 'gnn': 'gcn', 'eval_orig': 0}. Best is trial#36 with value: 0.7188333333333335.[0m
[32m[I 2024-04-20 11:22:22,763][0m Finished trial#39 with value: 0.7165666666666668 with parameters: {'remove_pct': 4, 'add_pct': 14, 'dataset': 'citeseer', 'i': '2', 'gnn': 'gcn', 'eval_orig': 0}. Best is trial#36 with value: 0.7188333333333335.[0m
[32m[I 2024-04-20 11:27:22,224][0m Finished trial#40 with value: 0.7017333333333333 with parameters: {'remove_pct': 14, 'add_pct': 1, 'dataset': 'citeseer', 'i': '2', 'gnn': 'gcn', 'eval_orig': 0}. Best is trial#36 with value: 0.7188333333333335.[0m
[32m[I 2024-04-20 11:32:30,613][0m Finished trial#41 with value: 0.7158333333333334 with parameters: {'remove_pct': 4, 'add_pct': 9, 'dataset': 'citeseer', 'i': '2', 'gnn': 'gcn', 'eval_orig': 0}. Best is trial#36 with value: 0.7188333333333335.[0m
[32m[I 2024-04-20 11:37:41,008][0m Finished trial#42 with value: 0.7168333333333332 with parameters: {'remove_pct': 3, 'add_pct': 8, 'dataset': 'citeseer', 'i': '2', 'gnn': 'gcn', 'eval_orig': 0}. Best is trial#36 with value: 0.7188333333333335.[0m
[32m[I 2024-04-20 11:42:44,115][0m Finished trial#43 with value: 0.7057666666666665 with parameters: {'remove_pct': 11, 'add_pct': 7, 'dataset': 'citeseer', 'i': '2', 'gnn': 'gcn', 'eval_orig': 0}. Best is trial#36 with value: 0.7188333333333335.[0m
[32m[I 2024-04-20 11:47:56,596][0m Finished trial#44 with value: 0.7155999999999999 with parameters: {'remove_pct': 4, 'add_pct': 16, 'dataset': 'citeseer', 'i': '2', 'gnn': 'gcn', 'eval_orig': 0}. Best is trial#36 with value: 0.7188333333333335.[0m
[32m[I 2024-04-20 11:53:04,937][0m Finished trial#45 with value: 0.7134 with parameters: {'remove_pct': 0, 'add_pct': 7, 'dataset': 'citeseer', 'i': '2', 'gnn': 'gcn', 'eval_orig': 0}. Best is trial#36 with value: 0.7188333333333335.[0m
[32m[I 2024-04-20 11:58:12,044][0m Finished trial#46 with value: 0.7033999999999999 with parameters: {'remove_pct': 11, 'add_pct': 16, 'dataset': 'citeseer', 'i': '2', 'gnn': 'gcn', 'eval_orig': 0}. Best is trial#36 with value: 0.7188333333333335.[0m
[32m[I 2024-04-20 12:03:26,507][0m Finished trial#47 with value: 0.7175333333333334 with parameters: {'remove_pct': 3, 'add_pct': 26, 'dataset': 'citeseer', 'i': '2', 'gnn': 'gcn', 'eval_orig': 0}. Best is trial#36 with value: 0.7188333333333335.[0m
[32m[I 2024-04-20 12:08:36,058][0m Finished trial#48 with value: 0.6919000000000001 with parameters: {'remove_pct': 16, 'add_pct': 27, 'dataset': 'citeseer', 'i': '2', 'gnn': 'gcn', 'eval_orig': 0}. Best is trial#36 with value: 0.7188333333333335.[0m
[32m[I 2024-04-20 12:13:40,830][0m Finished trial#49 with value: 0.6946333333333333 with parameters: {'remove_pct': 25, 'add_pct': 24, 'dataset': 'citeseer', 'i': '2', 'gnn': 'gcn', 'eval_orig': 0}. Best is trial#36 with value: 0.7188333333333335.[0m
[32m[I 2024-04-20 12:19:01,604][0m Finished trial#50 with value: 0.7138666666666666 with parameters: {'remove_pct': 3, 'add_pct': 29, 'dataset': 'citeseer', 'i': '2', 'gnn': 'gcn', 'eval_orig': 0}. Best is trial#36 with value: 0.7188333333333335.[0m
[32m[I 2024-04-20 12:24:09,352][0m Finished trial#51 with value: 0.7186666666666669 with parameters: {'remove_pct': 4, 'add_pct': 5, 'dataset': 'citeseer', 'i': '2', 'gnn': 'gcn', 'eval_orig': 0}. Best is trial#36 with value: 0.7188333333333335.[0m
[32m[I 2024-04-20 12:29:26,346][0m Finished trial#52 with value: 0.7136333333333333 with parameters: {'remove_pct': 0, 'add_pct': 13, 'dataset': 'citeseer', 'i': '2', 'gnn': 'gcn', 'eval_orig': 0}. Best is trial#36 with value: 0.7188333333333335.[0m
[32m[I 2024-04-20 12:34:37,174][0m Finished trial#53 with value: 0.7129333333333333 with parameters: {'remove_pct': 10, 'add_pct': 5, 'dataset': 'citeseer', 'i': '2', 'gnn': 'gcn', 'eval_orig': 0}. Best is trial#36 with value: 0.7188333333333335.[0m
[32m[I 2024-04-20 12:39:59,318][0m Finished trial#54 with value: 0.712 with parameters: {'remove_pct': 3, 'add_pct': 19, 'dataset': 'citeseer', 'i': '2', 'gnn': 'gcn', 'eval_orig': 0}. Best is trial#36 with value: 0.7188333333333335.[0m
[32m[I 2024-04-20 12:45:12,099][0m Finished trial#55 with value: 0.7182333333333334 with parameters: {'remove_pct': 0, 'add_pct': 3, 'dataset': 'citeseer', 'i': '2', 'gnn': 'gcn', 'eval_orig': 0}. Best is trial#36 with value: 0.7188333333333335.[0m
[32m[I 2024-04-20 12:50:27,020][0m Finished trial#56 with value: 0.7153333333333333 with parameters: {'remove_pct': 0, 'add_pct': 0, 'dataset': 'citeseer', 'i': '2', 'gnn': 'gcn', 'eval_orig': 0}. Best is trial#36 with value: 0.7188333333333335.[0m
[32m[I 2024-04-20 12:55:40,270][0m Finished trial#57 with value: 0.6984 with parameters: {'remove_pct': 11, 'add_pct': 18, 'dataset': 'citeseer', 'i': '2', 'gnn': 'gcn', 'eval_orig': 0}. Best is trial#36 with value: 0.7188333333333335.[0m
[32m[I 2024-04-20 13:00:47,702][0m Finished trial#58 with value: 0.7050333333333332 with parameters: {'remove_pct': 15, 'add_pct': 4, 'dataset': 'citeseer', 'i': '2', 'gnn': 'gcn', 'eval_orig': 0}. Best is trial#36 with value: 0.7188333333333335.[0m
[32m[I 2024-04-20 13:05:54,059][0m Finished trial#59 with value: 0.7012666666666667 with parameters: {'remove_pct': 22, 'add_pct': 10, 'dataset': 'citeseer', 'i': '2', 'gnn': 'gcn', 'eval_orig': 0}. Best is trial#36 with value: 0.7188333333333335.[0m
[32m[I 2024-04-20 13:11:13,338][0m Finished trial#60 with value: 0.7103666666666667 with parameters: {'remove_pct': 2, 'add_pct': 31, 'dataset': 'citeseer', 'i': '2', 'gnn': 'gcn', 'eval_orig': 0}. Best is trial#36 with value: 0.7188333333333335.[0m
[32m[I 2024-04-20 13:16:26,763][0m Finished trial#61 with value: 0.7146666666666667 with parameters: {'remove_pct': 6, 'add_pct': 12, 'dataset': 'citeseer', 'i': '2', 'gnn': 'gcn', 'eval_orig': 0}. Best is trial#36 with value: 0.7188333333333335.[0m
[32m[I 2024-04-20 13:21:32,930][0m Finished trial#62 with value: 0.7168 with parameters: {'remove_pct': 0, 'add_pct': 3, 'dataset': 'citeseer', 'i': '2', 'gnn': 'gcn', 'eval_orig': 0}. Best is trial#36 with value: 0.7188333333333335.[0m
[32m[I 2024-04-20 13:26:38,899][0m Finished trial#63 with value: 0.7142666666666667 with parameters: {'remove_pct': 8, 'add_pct': 4, 'dataset': 'citeseer', 'i': '2', 'gnn': 'gcn', 'eval_orig': 0}. Best is trial#36 with value: 0.7188333333333335.[0m
[32m[I 2024-04-20 13:31:48,470][0m Finished trial#64 with value: 0.7171333333333333 with parameters: {'remove_pct': 0, 'add_pct': 2, 'dataset': 'citeseer', 'i': '2', 'gnn': 'gcn', 'eval_orig': 0}. Best is trial#36 with value: 0.7188333333333335.[0m
[32m[I 2024-04-20 13:36:58,208][0m Finished trial#65 with value: 0.716 with parameters: {'remove_pct': 6, 'add_pct': 7, 'dataset': 'citeseer', 'i': '2', 'gnn': 'gcn', 'eval_orig': 0}. Best is trial#36 with value: 0.7188333333333335.[0m
[32m[I 2024-04-20 13:42:07,719][0m Finished trial#66 with value: 0.6993000000000001 with parameters: {'remove_pct': 12, 'add_pct': 23, 'dataset': 'citeseer', 'i': '2', 'gnn': 'gcn', 'eval_orig': 0}. Best is trial#36 with value: 0.7188333333333335.[0m
[32m[I 2024-04-20 13:47:26,159][0m Finished trial#67 with value: 0.7081999999999999 with parameters: {'remove_pct': 0, 'add_pct': 28, 'dataset': 'citeseer', 'i': '2', 'gnn': 'gcn', 'eval_orig': 0}. Best is trial#36 with value: 0.7188333333333335.[0m
[32m[I 2024-04-20 13:52:29,485][0m Finished trial#68 with value: 0.7117666666666668 with parameters: {'remove_pct': 9, 'add_pct': 0, 'dataset': 'citeseer', 'i': '2', 'gnn': 'gcn', 'eval_orig': 0}. Best is trial#36 with value: 0.7188333333333335.[0m
[32m[I 2024-04-20 13:57:43,961][0m Finished trial#69 with value: 0.7178 with parameters: {'remove_pct': 3, 'add_pct': 37, 'dataset': 'citeseer', 'i': '2', 'gnn': 'gcn', 'eval_orig': 0}. Best is trial#36 with value: 0.7188333333333335.[0m
[32m[I 2024-04-20 14:02:37,788][0m Finished trial#70 with value: 0.6406000000000002 with parameters: {'remove_pct': 76, 'add_pct': 38, 'dataset': 'citeseer', 'i': '2', 'gnn': 'gcn', 'eval_orig': 0}. Best is trial#36 with value: 0.7188333333333335.[0m
[32m[I 2024-04-20 14:07:57,022][0m Finished trial#71 with value: 0.7107999999999998 with parameters: {'remove_pct': 2, 'add_pct': 32, 'dataset': 'citeseer', 'i': '2', 'gnn': 'gcn', 'eval_orig': 0}. Best is trial#36 with value: 0.7188333333333335.[0m
[32m[I 2024-04-20 14:12:50,458][0m Finished trial#72 with value: 0.6622333333333333 with parameters: {'remove_pct': 67, 'add_pct': 25, 'dataset': 'citeseer', 'i': '2', 'gnn': 'gcn', 'eval_orig': 0}. Best is trial#36 with value: 0.7188333333333335.[0m
[32m[I 2024-04-20 14:17:16,659][0m Finished trial#73 with value: 0.7114999999999998 with parameters: {'remove_pct': 6, 'add_pct': 21, 'dataset': 'citeseer', 'i': '2', 'gnn': 'gcn', 'eval_orig': 0}. Best is trial#36 with value: 0.7188333333333335.[0m
[32m[I 2024-04-20 14:21:38,537][0m Finished trial#74 with value: 0.7108666666666666 with parameters: {'remove_pct': 2, 'add_pct': 35, 'dataset': 'citeseer', 'i': '2', 'gnn': 'gcn', 'eval_orig': 0}. Best is trial#36 with value: 0.7188333333333335.[0m
[32m[I 2024-04-20 14:25:59,360][0m Finished trial#75 with value: 0.7171333333333333 with parameters: {'remove_pct': 5, 'add_pct': 31, 'dataset': 'citeseer', 'i': '2', 'gnn': 'gcn', 'eval_orig': 0}. Best is trial#36 with value: 0.7188333333333335.[0m
[32m[I 2024-04-20 14:30:17,446][0m Finished trial#76 with value: 0.7055999999999999 with parameters: {'remove_pct': 8, 'add_pct': 31, 'dataset': 'citeseer', 'i': '2', 'gnn': 'gcn', 'eval_orig': 0}. Best is trial#36 with value: 0.7188333333333335.[0m
[32m[I 2024-04-20 14:34:41,944][0m Finished trial#77 with value: 0.7114333333333335 with parameters: {'remove_pct': 6, 'add_pct': 41, 'dataset': 'citeseer', 'i': '2', 'gnn': 'gcn', 'eval_orig': 0}. Best is trial#36 with value: 0.7188333333333335.[0m
[32m[I 2024-04-20 14:39:02,788][0m Finished trial#78 with value: 0.6979999999999997 with parameters: {'remove_pct': 13, 'add_pct': 34, 'dataset': 'citeseer', 'i': '2', 'gnn': 'gcn', 'eval_orig': 0}. Best is trial#36 with value: 0.7188333333333335.[0m
[32m[I 2024-04-20 14:43:16,110][0m Finished trial#79 with value: 0.6745666666666665 with parameters: {'remove_pct': 43, 'add_pct': 38, 'dataset': 'citeseer', 'i': '2', 'gnn': 'gcn', 'eval_orig': 0}. Best is trial#36 with value: 0.7188333333333335.[0m
[32m[I 2024-04-20 14:47:39,044][0m Finished trial#80 with value: 0.7147666666666667 with parameters: {'remove_pct': 5, 'add_pct': 30, 'dataset': 'citeseer', 'i': '2', 'gnn': 'gcn', 'eval_orig': 0}. Best is trial#36 with value: 0.7188333333333335.[0m
[32m[I 2024-04-20 14:51:59,672][0m Finished trial#81 with value: 0.7119000000000001 with parameters: {'remove_pct': 2, 'add_pct': 26, 'dataset': 'citeseer', 'i': '2', 'gnn': 'gcn', 'eval_orig': 0}. Best is trial#36 with value: 0.7188333333333335.[0m
[32m[I 2024-04-20 14:56:12,993][0m Finished trial#82 with value: 0.7194666666666666 with parameters: {'remove_pct': 4, 'add_pct': 2, 'dataset': 'citeseer', 'i': '2', 'gnn': 'gcn', 'eval_orig': 0}. Best is trial#82 with value: 0.7194666666666666.[0m
[32m[I 2024-04-20 15:00:28,791][0m Finished trial#83 with value: 0.7158 with parameters: {'remove_pct': 0, 'add_pct': 2, 'dataset': 'citeseer', 'i': '2', 'gnn': 'gcn', 'eval_orig': 0}. Best is trial#82 with value: 0.7194666666666666.[0m
[32m[I 2024-04-20 15:04:45,405][0m Finished trial#84 with value: 0.7071 with parameters: {'remove_pct': 9, 'add_pct': 37, 'dataset': 'citeseer', 'i': '2', 'gnn': 'gcn', 'eval_orig': 0}. Best is trial#82 with value: 0.7194666666666666.[0m
[32m[I 2024-04-20 15:09:02,506][0m Finished trial#85 with value: 0.7143666666666665 with parameters: {'remove_pct': 4, 'add_pct': 23, 'dataset': 'citeseer', 'i': '2', 'gnn': 'gcn', 'eval_orig': 0}. Best is trial#82 with value: 0.7194666666666666.[0m
[32m[I 2024-04-20 15:13:19,024][0m Finished trial#86 with value: 0.7135666666666667 with parameters: {'remove_pct': 7, 'add_pct': 28, 'dataset': 'citeseer', 'i': '2', 'gnn': 'gcn', 'eval_orig': 0}. Best is trial#82 with value: 0.7194666666666666.[0m
[32m[I 2024-04-20 15:17:32,730][0m Finished trial#87 with value: 0.7191333333333333 with parameters: {'remove_pct': 4, 'add_pct': 5, 'dataset': 'citeseer', 'i': '2', 'gnn': 'gcn', 'eval_orig': 0}. Best is trial#82 with value: 0.7194666666666666.[0m
[32m[I 2024-04-20 15:21:41,862][0m Finished trial#88 with value: 0.7086666666666667 with parameters: {'remove_pct': 11, 'add_pct': 6, 'dataset': 'citeseer', 'i': '2', 'gnn': 'gcn', 'eval_orig': 0}. Best is trial#82 with value: 0.7194666666666666.[0m
[32m[I 2024-04-20 15:26:01,822][0m Finished trial#89 with value: 0.6915999999999999 with parameters: {'remove_pct': 18, 'add_pct': 43, 'dataset': 'citeseer', 'i': '2', 'gnn': 'gcn', 'eval_orig': 0}. Best is trial#82 with value: 0.7194666666666666.[0m
[32m[I 2024-04-20 15:30:15,449][0m Finished trial#90 with value: 0.7145333333333332 with parameters: {'remove_pct': 2, 'add_pct': 11, 'dataset': 'citeseer', 'i': '2', 'gnn': 'gcn', 'eval_orig': 0}. Best is trial#82 with value: 0.7194666666666666.[0m
[32m[I 2024-04-20 15:34:27,049][0m Finished trial#91 with value: 0.7188999999999999 with parameters: {'remove_pct': 4, 'add_pct': 1, 'dataset': 'citeseer', 'i': '2', 'gnn': 'gcn', 'eval_orig': 0}. Best is trial#82 with value: 0.7194666666666666.[0m
[32m[I 2024-04-20 15:38:36,871][0m Finished trial#92 with value: 0.7197333333333333 with parameters: {'remove_pct': 4, 'add_pct': 0, 'dataset': 'citeseer', 'i': '2', 'gnn': 'gcn', 'eval_orig': 0}. Best is trial#92 with value: 0.7197333333333333.[0m
[32m[I 2024-04-20 15:42:46,109][0m Finished trial#93 with value: 0.7202999999999999 with parameters: {'remove_pct': 4, 'add_pct': 0, 'dataset': 'citeseer', 'i': '2', 'gnn': 'gcn', 'eval_orig': 0}. Best is trial#93 with value: 0.7202999999999999.[0m
[32m[I 2024-04-20 15:46:54,650][0m Finished trial#94 with value: 0.7134333333333334 with parameters: {'remove_pct': 9, 'add_pct': 0, 'dataset': 'citeseer', 'i': '2', 'gnn': 'gcn', 'eval_orig': 0}. Best is trial#93 with value: 0.7202999999999999.[0m
[32m[I 2024-04-20 15:51:05,980][0m Finished trial#95 with value: 0.7153333333333333 with parameters: {'remove_pct': 7, 'add_pct': 9, 'dataset': 'citeseer', 'i': '2', 'gnn': 'gcn', 'eval_orig': 0}. Best is trial#93 with value: 0.7202999999999999.[0m
[32m[I 2024-04-20 15:55:15,754][0m Finished trial#96 with value: 0.7191000000000003 with parameters: {'remove_pct': 4, 'add_pct': 5, 'dataset': 'citeseer', 'i': '2', 'gnn': 'gcn', 'eval_orig': 0}. Best is trial#93 with value: 0.7202999999999999.[0m
[32m[I 2024-04-20 15:59:27,571][0m Finished trial#97 with value: 0.7195333333333332 with parameters: {'remove_pct': 5, 'add_pct': 2, 'dataset': 'citeseer', 'i': '2', 'gnn': 'gcn', 'eval_orig': 0}. Best is trial#93 with value: 0.7202999999999999.[0m
[32m[I 2024-04-20 16:03:37,757][0m Finished trial#98 with value: 0.7111999999999999 with parameters: {'remove_pct': 10, 'add_pct': 5, 'dataset': 'citeseer', 'i': '2', 'gnn': 'gcn', 'eval_orig': 0}. Best is trial#93 with value: 0.7202999999999999.[0m
[32m[I 2024-04-20 16:07:45,739][0m Finished trial#99 with value: 0.7067999999999998 with parameters: {'remove_pct': 15, 'add_pct': 0, 'dataset': 'citeseer', 'i': '2', 'gnn': 'gcn', 'eval_orig': 0}. Best is trial#93 with value: 0.7202999999999999.[0m
[32m[I 2024-04-20 16:11:54,177][0m Finished trial#100 with value: 0.7174999999999999 with parameters: {'remove_pct': 5, 'add_pct': 2, 'dataset': 'citeseer', 'i': '2', 'gnn': 'gcn', 'eval_orig': 0}. Best is trial#93 with value: 0.7202999999999999.[0m
[32m[I 2024-04-20 16:16:07,335][0m Finished trial#101 with value: 0.719 with parameters: {'remove_pct': 1, 'add_pct': 4, 'dataset': 'citeseer', 'i': '2', 'gnn': 'gcn', 'eval_orig': 0}. Best is trial#93 with value: 0.7202999999999999.[0m
[32m[I 2024-04-20 16:20:18,766][0m Finished trial#102 with value: 0.7183666666666666 with parameters: {'remove_pct': 4, 'add_pct': 6, 'dataset': 'citeseer', 'i': '2', 'gnn': 'gcn', 'eval_orig': 0}. Best is trial#93 with value: 0.7202999999999999.[0m
[32m[I 2024-04-20 16:24:31,377][0m Finished trial#103 with value: 0.716 with parameters: {'remove_pct': 7, 'add_pct': 9, 'dataset': 'citeseer', 'i': '2', 'gnn': 'gcn', 'eval_orig': 0}. Best is trial#93 with value: 0.7202999999999999.[0m
[32m[I 2024-04-20 16:28:43,736][0m Finished trial#104 with value: 0.7184333333333335 with parameters: {'remove_pct': 1, 'add_pct': 4, 'dataset': 'citeseer', 'i': '2', 'gnn': 'gcn', 'eval_orig': 0}. Best is trial#93 with value: 0.7202999999999999.[0m
[32m[I 2024-04-20 16:32:55,154][0m Finished trial#105 with value: 0.7201333333333333 with parameters: {'remove_pct': 5, 'add_pct': 1, 'dataset': 'citeseer', 'i': '2', 'gnn': 'gcn', 'eval_orig': 0}. Best is trial#93 with value: 0.7202999999999999.[0m
[32m[I 2024-04-20 16:37:06,028][0m Finished trial#106 with value: 0.7095333333333331 with parameters: {'remove_pct': 12, 'add_pct': 1, 'dataset': 'citeseer', 'i': '2', 'gnn': 'gcn', 'eval_orig': 0}. Best is trial#93 with value: 0.7202999999999999.[0m
[32m[I 2024-04-20 16:41:20,367][0m Finished trial#107 with value: 0.7115000000000001 with parameters: {'remove_pct': 10, 'add_pct': 5, 'dataset': 'citeseer', 'i': '2', 'gnn': 'gcn', 'eval_orig': 0}. Best is trial#93 with value: 0.7202999999999999.[0m
[32m[I 2024-04-20 16:45:35,009][0m Finished trial#108 with value: 0.7175333333333334 with parameters: {'remove_pct': 5, 'add_pct': 8, 'dataset': 'citeseer', 'i': '2', 'gnn': 'gcn', 'eval_orig': 0}. Best is trial#93 with value: 0.7202999999999999.[0m
[32m[I 2024-04-20 16:49:46,129][0m Finished trial#109 with value: 0.7132 with parameters: {'remove_pct': 8, 'add_pct': 2, 'dataset': 'citeseer', 'i': '2', 'gnn': 'gcn', 'eval_orig': 0}. Best is trial#93 with value: 0.7202999999999999.[0m
[32m[I 2024-04-20 16:53:43,256][0m Finished trial#110 with value: 0.6669999999999999 with parameters: {'remove_pct': 55, 'add_pct': 0, 'dataset': 'citeseer', 'i': '2', 'gnn': 'gcn', 'eval_orig': 0}. Best is trial#93 with value: 0.7202999999999999.[0m
[32m[I 2024-04-20 16:57:57,942][0m Finished trial#111 with value: 0.7188666666666665 with parameters: {'remove_pct': 2, 'add_pct': 3, 'dataset': 'citeseer', 'i': '2', 'gnn': 'gcn', 'eval_orig': 0}. Best is trial#93 with value: 0.7202999999999999.[0m
[32m[I 2024-04-20 17:02:11,161][0m Finished trial#112 with value: 0.719 with parameters: {'remove_pct': 1, 'add_pct': 4, 'dataset': 'citeseer', 'i': '2', 'gnn': 'gcn', 'eval_orig': 0}. Best is trial#93 with value: 0.7202999999999999.[0m
[32m[I 2024-04-20 17:06:22,890][0m Finished trial#113 with value: 0.7194333333333331 with parameters: {'remove_pct': 1, 'add_pct': 3, 'dataset': 'citeseer', 'i': '2', 'gnn': 'gcn', 'eval_orig': 0}. Best is trial#93 with value: 0.7202999999999999.[0m
[32m[I 2024-04-20 17:10:34,501][0m Finished trial#114 with value: 0.7201333333333334 with parameters: {'remove_pct': 1, 'add_pct': 3, 'dataset': 'citeseer', 'i': '2', 'gnn': 'gcn', 'eval_orig': 0}. Best is trial#93 with value: 0.7202999999999999.[0m
[32m[I 2024-04-20 17:14:47,112][0m Finished trial#115 with value: 0.7172999999999999 with parameters: {'remove_pct': 1, 'add_pct': 7, 'dataset': 'citeseer', 'i': '2', 'gnn': 'gcn', 'eval_orig': 0}. Best is trial#93 with value: 0.7202999999999999.[0m
[32m[I 2024-04-20 17:18:57,277][0m Finished trial#116 with value: 0.7177666666666666 with parameters: {'remove_pct': 2, 'add_pct': 0, 'dataset': 'citeseer', 'i': '2', 'gnn': 'gcn', 'eval_orig': 0}. Best is trial#93 with value: 0.7202999999999999.[0m
[32m[I 2024-04-20 17:23:09,778][0m Finished trial#117 with value: 0.7132999999999999 with parameters: {'remove_pct': 0, 'add_pct': 11, 'dataset': 'citeseer', 'i': '2', 'gnn': 'gcn', 'eval_orig': 0}. Best is trial#93 with value: 0.7202999999999999.[0m
[32m[I 2024-04-20 17:27:21,842][0m Finished trial#118 with value: 0.7170666666666666 with parameters: {'remove_pct': 6, 'add_pct': 4, 'dataset': 'citeseer', 'i': '2', 'gnn': 'gcn', 'eval_orig': 0}. Best is trial#93 with value: 0.7202999999999999.[0m
[32m[I 2024-04-20 17:31:33,319][0m Finished trial#119 with value: 0.7200666666666666 with parameters: {'remove_pct': 7, 'add_pct': 1, 'dataset': 'citeseer', 'i': '2', 'gnn': 'gcn', 'eval_orig': 0}. Best is trial#93 with value: 0.7202999999999999.[0m
[32m[I 2024-04-20 17:35:44,953][0m Finished trial#120 with value: 0.7171999999999998 with parameters: {'remove_pct': 7, 'add_pct': 6, 'dataset': 'citeseer', 'i': '2', 'gnn': 'gcn', 'eval_orig': 0}. Best is trial#93 with value: 0.7202999999999999.[0m
[32m[I 2024-04-20 17:39:54,550][0m Finished trial#121 with value: 0.7204666666666667 with parameters: {'remove_pct': 4, 'add_pct': 1, 'dataset': 'citeseer', 'i': '2', 'gnn': 'gcn', 'eval_orig': 0}. Best is trial#121 with value: 0.7204666666666667.[0m
[32m[I 2024-04-20 17:44:03,980][0m Finished trial#122 with value: 0.7202666666666668 with parameters: {'remove_pct': 3, 'add_pct': 3, 'dataset': 'citeseer', 'i': '2', 'gnn': 'gcn', 'eval_orig': 0}. Best is trial#121 with value: 0.7204666666666667.[0m
[32m[I 2024-04-20 17:48:15,966][0m Finished trial#123 with value: 0.7204999999999998 with parameters: {'remove_pct': 3, 'add_pct': 2, 'dataset': 'citeseer', 'i': '2', 'gnn': 'gcn', 'eval_orig': 0}. Best is trial#123 with value: 0.7204999999999998.[0m
[32m[I 2024-04-20 17:52:27,590][0m Finished trial#124 with value: 0.7191000000000002 with parameters: {'remove_pct': 5, 'add_pct': 2, 'dataset': 'citeseer', 'i': '2', 'gnn': 'gcn', 'eval_orig': 0}. Best is trial#123 with value: 0.7204999999999998.[0m
[32m[I 2024-04-20 17:56:38,759][0m Finished trial#125 with value: 0.7206333333333335 with parameters: {'remove_pct': 3, 'add_pct': 0, 'dataset': 'citeseer', 'i': '2', 'gnn': 'gcn', 'eval_orig': 0}. Best is trial#125 with value: 0.7206333333333335.[0m
[32m[I 2024-04-20 18:00:42,480][0m Finished trial#126 with value: 0.6855666666666667 with parameters: {'remove_pct': 30, 'add_pct': 0, 'dataset': 'citeseer', 'i': '2', 'gnn': 'gcn', 'eval_orig': 0}. Best is trial#125 with value: 0.7206333333333335.[0m
[32m[I 2024-04-20 18:04:50,308][0m Finished trial#127 with value: 0.7110666666666666 with parameters: {'remove_pct': 9, 'add_pct': 2, 'dataset': 'citeseer', 'i': '2', 'gnn': 'gcn', 'eval_orig': 0}. Best is trial#125 with value: 0.7206333333333335.[0m
[32m[I 2024-04-20 18:08:59,077][0m Finished trial#128 with value: 0.7203666666666668 with parameters: {'remove_pct': 3, 'add_pct': 0, 'dataset': 'citeseer', 'i': '2', 'gnn': 'gcn', 'eval_orig': 0}. Best is trial#125 with value: 0.7206333333333335.[0m
[32m[I 2024-04-20 18:13:10,573][0m Finished trial#129 with value: 0.7189333333333331 with parameters: {'remove_pct': 7, 'add_pct': 1, 'dataset': 'citeseer', 'i': '2', 'gnn': 'gcn', 'eval_orig': 0}. Best is trial#125 with value: 0.7206333333333335.[0m
[32m[I 2024-04-20 18:17:41,821][0m Finished trial#130 with value: 0.7052333333333334 with parameters: {'remove_pct': 3, 'add_pct': 76, 'dataset': 'citeseer', 'i': '2', 'gnn': 'gcn', 'eval_orig': 0}. Best is trial#125 with value: 0.7206333333333335.[0m
[32m[I 2024-04-20 18:21:53,001][0m Finished trial#131 with value: 0.7183333333333333 with parameters: {'remove_pct': 3, 'add_pct': 0, 'dataset': 'citeseer', 'i': '2', 'gnn': 'gcn', 'eval_orig': 0}. Best is trial#125 with value: 0.7206333333333335.[0m
<class 'scipy.sparse.csr.csr_matrix'>
<class 'numpy.ndarray'>
<class 'scipy.sparse.csr.csr_matrix'>
<class 'numpy.ndarray'>
<class 'scipy.sparse.csr.csr_matrix'>
<class 'numpy.ndarray'>
<class 'scipy.sparse.csr.csr_matrix'>
<class 'numpy.ndarray'>
<class 'scipy.sparse.csr.csr_matrix'>
<class 'numpy.ndarray'>
<class 'scipy.sparse.csr.csr_matrix'>
<class 'numpy.ndarray'>
<class 'scipy.sparse.csr.csr_matrix'>
<class 'numpy.ndarray'>
<class 'scipy.sparse.csr.csr_matrix'>
<class 'numpy.ndarray'>
<class 'scipy.sparse.csr.csr_matrix'>
<class 'numpy.ndarray'>
<class 'scipy.sparse.csr.csr_matrix'>
<class 'numpy.ndarray'>
<class 'scipy.sparse.csr.csr_matrix'>
<class 'numpy.ndarray'>
<class 'scipy.sparse.csr.csr_matrix'>
<class 'numpy.ndarray'>
<class 'scipy.sparse.csr.csr_matrix'>
<class 'numpy.ndarray'>
<class 'scipy.sparse.csr.csr_matrix'>
<class 'numpy.ndarray'>
<class 'scipy.sparse.csr.csr_matrix'>
<class 'numpy.ndarray'>
<class 'scipy.sparse.csr.csr_matrix'>
<class 'numpy.ndarray'>
<class 'scipy.sparse.csr.csr_matrix'>
<class 'numpy.ndarray'>
<class 'scipy.sparse.csr.csr_matrix'>
<class 'numpy.ndarray'>
<class 'scipy.sparse.csr.csr_matrix'>
<class 'numpy.ndarray'>
<class 'scipy.sparse.csr.csr_matrix'>
<class 'numpy.ndarray'>
<class 'scipy.sparse.csr.csr_matrix'>
<class 'numpy.ndarray'>
<class 'scipy.sparse.csr.csr_matrix'>
<class 'numpy.ndarray'>
<class 'scipy.sparse.csr.csr_matrix'>
<class 'numpy.ndarray'>
<class 'scipy.sparse.csr.csr_matrix'>
<class 'numpy.ndarray'>
<class 'scipy.sparse.csr.csr_matrix'>
<class 'numpy.ndarray'>
<class 'scipy.sparse.csr.csr_matrix'>
<class 'numpy.ndarray'>
<class 'scipy.sparse.csr.csr_matrix'>
<class 'numpy.ndarray'>
<class 'scipy.sparse.csr.csr_matrix'>
<class 'numpy.ndarray'>
<class 'scipy.sparse.csr.csr_matrix'>
<class 'numpy.ndarray'>
<class 'scipy.sparse.csr.csr_matrix'>
<class 'numpy.ndarray'>
<class 'scipy.sparse.csr.csr_matrix'>
<class 'numpy.ndarray'>
<class 'scipy.sparse.csr.csr_matrix'>
<class 'numpy.ndarray'>
<class 'scipy.sparse.csr.csr_matrix'>
<class 'numpy.ndarray'>
<class 'scipy.sparse.csr.csr_matrix'>
<class 'numpy.ndarray'>
<class 'scipy.sparse.csr.csr_matrix'>
<class 'numpy.ndarray'>
<class 'scipy.sparse.csr.csr_matrix'>
<class 'numpy.ndarray'>
<class 'scipy.sparse.csr.csr_matrix'>
<class 'numpy.ndarray'>
<class 'scipy.sparse.csr.csr_matrix'>
<class 'numpy.ndarray'>
<class 'scipy.sparse.csr.csr_matrix'>
<class 'numpy.ndarray'>
<class 'scipy.sparse.csr.csr_matrix'>
<class 'numpy.ndarray'>
<class 'scipy.sparse.csr.csr_matrix'>
<class 'numpy.ndarray'>
<class 'scipy.sparse.csr.csr_matrix'>
<class 'numpy.ndarray'>
<class 'scipy.sparse.csr.csr_matrix'>
<class 'numpy.ndarray'>
<class 'scipy.sparse.csr.csr_matrix'>
<class 'numpy.ndarray'>
<class 'scipy.sparse.csr.csr_matrix'>
<class 'numpy.ndarray'>
<class 'scipy.sparse.csr.csr_matrix'>
<class 'numpy.ndarray'>
<class 'scipy.sparse.csr.csr_matrix'>
<class 'numpy.ndarray'>
<class 'scipy.sparse.csr.csr_matrix'>
<class 'numpy.ndarray'>
<class 'scipy.sparse.csr.csr_matrix'>
<class 'numpy.ndarray'>
<class 'scipy.sparse.csr.csr_matrix'>
<class 'numpy.ndarray'>
<class 'scipy.sparse.csr.csr_matrix'>
<class 'numpy.ndarray'>
<class 'scipy.sparse.csr.csr_matrix'>
<class 'numpy.ndarray'>
<class 'scipy.sparse.csr.csr_matrix'>
<class 'numpy.ndarray'>
<class 'scipy.sparse.csr.csr_matrix'>
<class 'numpy.ndarray'>
<class 'scipy.sparse.csr.csr_matrix'>
<class 'numpy.ndarray'>
<class 'scipy.sparse.csr.csr_matrix'>
<class 'numpy.ndarray'>
<class 'scipy.sparse.csr.csr_matrix'>
<class 'numpy.ndarray'>
<class 'scipy.sparse.csr.csr_matrix'>
<class 'numpy.ndarray'>
<class 'scipy.sparse.csr.csr_matrix'>
<class 'numpy.ndarray'>
<class 'scipy.sparse.csr.csr_matrix'>
<class 'numpy.ndarray'>
<class 'scipy.sparse.csr.csr_matrix'>
<class 'numpy.ndarray'>
<class 'scipy.sparse.csr.csr_matrix'>
<class 'numpy.ndarray'>
<class 'scipy.sparse.csr.csr_matrix'>
<class 'numpy.ndarray'>
<class 'scipy.sparse.csr.csr_matrix'>
<class 'numpy.ndarray'>
<class 'scipy.sparse.csr.csr_matrix'>
<class 'numpy.ndarray'>
<class 'scipy.sparse.csr.csr_matrix'>
<class 'numpy.ndarray'>
<class 'scipy.sparse.csr.csr_matrix'>
<class 'numpy.ndarray'>
<class 'scipy.sparse.csr.csr_matrix'>
<class 'numpy.ndarray'>
<class 'scipy.sparse.csr.csr_matrix'>
<class 'numpy.ndarray'>
<class 'scipy.sparse.csr.csr_matrix'>
<class 'numpy.ndarray'>
<class 'scipy.sparse.csr.csr_matrix'>
<class 'numpy.ndarray'>
<class 'scipy.sparse.csr.csr_matrix'>
<class 'numpy.ndarray'>
<class 'scipy.sparse.csr.csr_matrix'>
<class 'numpy.ndarray'>
<class 'scipy.sparse.csr.csr_matrix'>
<class 'numpy.ndarray'>
<class 'scipy.sparse.csr.csr_matrix'>
<class 'numpy.ndarray'>
<class 'scipy.sparse.csr.csr_matrix'>
<class 'numpy.ndarray'>
<class 'scipy.sparse.csr.csr_matrix'>
<class 'numpy.ndarray'>
<class 'scipy.sparse.csr.csr_matrix'>
<class 'numpy.ndarray'>
<class 'scipy.sparse.csr.csr_matrix'>
<class 'numpy.ndarray'>
<class 'scipy.sparse.csr.csr_matrix'>
<class 'numpy.ndarray'>
<class 'scipy.sparse.csr.csr_matrix'>
<class 'numpy.ndarray'>
<class 'scipy.sparse.csr.csr_matrix'>
<class 'numpy.ndarray'>
<class 'scipy.sparse.csr.csr_matrix'>
<class 'numpy.ndarray'>
<class 'scipy.sparse.csr.csr_matrix'>
<class 'numpy.ndarray'>
<class 'scipy.sparse.csr.csr_matrix'>
<class 'numpy.ndarray'>
<class 'scipy.sparse.csr.csr_matrix'>
<class 'numpy.ndarray'>
<class 'scipy.sparse.csr.csr_matrix'>
<class 'numpy.ndarray'>
<class 'scipy.sparse.csr.csr_matrix'>
<class 'numpy.ndarray'>
<class 'scipy.sparse.csr.csr_matrix'>
<class 'numpy.ndarray'>
<class 'scipy.sparse.csr.csr_matrix'>
<class 'numpy.ndarray'>
<class 'scipy.sparse.csr.csr_matrix'>
<class 'numpy.ndarray'>
<class 'scipy.sparse.csr.csr_matrix'>
<class 'numpy.ndarray'>
<class 'scipy.sparse.csr.csr_matrix'>
<class 'numpy.ndarray'>
<class 'scipy.sparse.csr.csr_matrix'>
<class 'numpy.ndarray'>
<class 'scipy.sparse.csr.csr_matrix'>
<class 'numpy.ndarray'>
<class 'scipy.sparse.csr.csr_matrix'>
<class 'numpy.ndarray'>
<class 'scipy.sparse.csr.csr_matrix'>
<class 'numpy.ndarray'>
<class 'scipy.sparse.csr.csr_matrix'>
<class 'numpy.ndarray'>
<class 'scipy.sparse.csr.csr_matrix'>
<class 'numpy.ndarray'>
<class 'scipy.sparse.csr.csr_matrix'>
<class 'numpy.ndarray'>
<class 'scipy.sparse.csr.csr_matrix'>
<class 'numpy.ndarray'>
<class 'scipy.sparse.csr.csr_matrix'>
<class 'numpy.ndarray'>
<class 'scipy.sparse.csr.csr_matrix'>
<class 'numpy.ndarray'>
<class 'scipy.sparse.csr.csr_matrix'>
<class 'numpy.ndarray'>
<class 'scipy.sparse.csr.csr_matrix'>
<class 'numpy.ndarray'>
<class 'scipy.sparse.csr.csr_matrix'>
<class 'numpy.ndarray'>
<class 'scipy.sparse.csr.csr_matrix'>
<class 'numpy.ndarray'>
<class 'scipy.sparse.csr.csr_matrix'>
<class 'numpy.ndarray'>
<class 'scipy.sparse.csr.csr_matrix'>
<class 'numpy.ndarray'>
<class 'scipy.sparse.csr.csr_matrix'>
<class 'numpy.ndarray'>
<class 'scipy.sparse.csr.csr_matrix'>
<class 'numpy.ndarray'>
<class 'scipy.sparse.csr.csr_matrix'>
<class 'numpy.ndarray'>
<class 'scipy.sparse.csr.csr_matrix'>
<class 'numpy.ndarray'>
<class 'scipy.sparse.csr.csr_matrix'>
<class 'numpy.ndarray'>
<class 'scipy.sparse.csr.csr_matrix'>
<class 'numpy.ndarray'>
<class 'scipy.sparse.csr.csr_matrix'>
<class 'numpy.ndarray'>
<class 'scipy.sparse.csr.csr_matrix'>
<class 'numpy.ndarray'>
<class 'scipy.sparse.csr.csr_matrix'>
<class 'numpy.ndarray'>
<class 'scipy.sparse.csr.csr_matrix'>
<class 'numpy.ndarray'>
<class 'scipy.sparse.csr.csr_matrix'>
<class 'numpy.ndarray'>
<class 'scipy.sparse.csr.csr_matrix'>
<class 'numpy.ndarray'>
<class 'scipy.sparse.csr.csr_matrix'>
<class 'numpy.ndarray'>
<class 'scipy.sparse.csr.csr_matrix'>
<class 'numpy.ndarray'>
<class 'scipy.sparse.csr.csr_matrix'>
<class 'numpy.ndarray'>
<class 'scipy.sparse.csr.csr_matrix'>
<class 'numpy.ndarray'>
<class 'scipy.sparse.csr.csr_matrix'>
<class 'numpy.ndarray'>
<class 'scipy.sparse.csr.csr_matrix'>
<class 'numpy.ndarray'>
<class 'scipy.sparse.csr.csr_matrix'>
<class 'numpy.ndarray'>
<class 'scipy.sparse.csr.csr_matrix'>
<class 'numpy.ndarray'>
<class 'scipy.sparse.csr.csr_matrix'>
<class 'numpy.ndarray'>
<class 'scipy.sparse.csr.csr_matrix'>
<class 'numpy.ndarray'>
<class 'scipy.sparse.csr.csr_matrix'>
<class 'numpy.ndarray'>
<class 'scipy.sparse.csr.csr_matrix'>[32m[I 2024-04-20 18:26:05,704][0m Finished trial#132 with value: 0.7158666666666667 with parameters: {'remove_pct': 0, 'add_pct': 3, 'dataset': 'citeseer', 'i': '2', 'gnn': 'gcn', 'eval_orig': 0}. Best is trial#125 with value: 0.7206333333333335.[0m
[32m[I 2024-04-20 18:30:17,879][0m Finished trial#133 with value: 0.7192000000000002 with parameters: {'remove_pct': 6, 'add_pct': 0, 'dataset': 'citeseer', 'i': '2', 'gnn': 'gcn', 'eval_orig': 0}. Best is trial#125 with value: 0.7206333333333335.[0m
[32m[I 2024-04-20 18:34:31,676][0m Finished trial#134 with value: 0.7143666666666667 with parameters: {'remove_pct': 8, 'add_pct': 0, 'dataset': 'citeseer', 'i': '2', 'gnn': 'gcn', 'eval_orig': 0}. Best is trial#125 with value: 0.7206333333333335.[0m
[32m[I 2024-04-20 18:38:41,869][0m Finished trial#135 with value: 0.7178333333333332 with parameters: {'remove_pct': 6, 'add_pct': 2, 'dataset': 'citeseer', 'i': '2', 'gnn': 'gcn', 'eval_orig': 0}. Best is trial#125 with value: 0.7206333333333335.[0m
[32m[I 2024-04-20 18:42:55,374][0m Finished trial#136 with value: 0.7143666666666665 with parameters: {'remove_pct': 2, 'add_pct': 8, 'dataset': 'citeseer', 'i': '2', 'gnn': 'gcn', 'eval_orig': 0}. Best is trial#125 with value: 0.7206333333333335.[0m
[32m[I 2024-04-20 18:47:07,662][0m Finished trial#137 with value: 0.7206666666666667 with parameters: {'remove_pct': 5, 'add_pct': 3, 'dataset': 'citeseer', 'i': '2', 'gnn': 'gcn', 'eval_orig': 0}. Best is trial#137 with value: 0.7206666666666667.[0m
[32m[I 2024-04-20 18:51:20,615][0m Finished trial#138 with value: 0.7164999999999999 with parameters: {'remove_pct': 0, 'add_pct': 3, 'dataset': 'citeseer', 'i': '2', 'gnn': 'gcn', 'eval_orig': 0}. Best is trial#137 with value: 0.7206666666666667.[0m
[32m[I 2024-04-20 18:55:31,656][0m Finished trial#139 with value: 0.7100666666666665 with parameters: {'remove_pct': 10, 'add_pct': 7, 'dataset': 'citeseer', 'i': '2', 'gnn': 'gcn', 'eval_orig': 0}. Best is trial#137 with value: 0.7206666666666667.[0m
[32m[I 2024-04-20 18:59:44,202][0m Finished trial#140 with value: 0.7171333333333332 with parameters: {'remove_pct': 3, 'add_pct': 6, 'dataset': 'citeseer', 'i': '2', 'gnn': 'gcn', 'eval_orig': 0}. Best is trial#137 with value: 0.7206666666666667.[0m
[32m[I 2024-04-20 19:03:55,277][0m Finished trial#141 with value: 0.7184333333333334 with parameters: {'remove_pct': 6, 'add_pct': 0, 'dataset': 'citeseer', 'i': '2', 'gnn': 'gcn', 'eval_orig': 0}. Best is trial#137 with value: 0.7206666666666667.[0m
[32m[I 2024-04-20 19:08:10,025][0m Finished trial#142 with value: 0.7211000000000001 with parameters: {'remove_pct': 5, 'add_pct': 3, 'dataset': 'citeseer', 'i': '2', 'gnn': 'gcn', 'eval_orig': 0}. Best is trial#142 with value: 0.7211000000000001.[0m
[32m[I 2024-04-20 19:12:23,150][0m Finished trial#143 with value: 0.7204333333333334 with parameters: {'remove_pct': 5, 'add_pct': 3, 'dataset': 'citeseer', 'i': '2', 'gnn': 'gcn', 'eval_orig': 0}. Best is trial#142 with value: 0.7211000000000001.[0m
[32m[I 2024-04-20 19:16:33,910][0m Finished trial#144 with value: 0.7137999999999999 with parameters: {'remove_pct': 8, 'add_pct': 2, 'dataset': 'citeseer', 'i': '2', 'gnn': 'gcn', 'eval_orig': 0}. Best is trial#142 with value: 0.7211000000000001.[0m
[32m[I 2024-04-20 19:20:47,497][0m Finished trial#145 with value: 0.7183 with parameters: {'remove_pct': 5, 'add_pct': 4, 'dataset': 'citeseer', 'i': '2', 'gnn': 'gcn', 'eval_orig': 0}. Best is trial#142 with value: 0.7211000000000001.[0m
[32m[I 2024-04-20 19:24:57,032][0m Finished trial#146 with value: 0.7206333333333333 with parameters: {'remove_pct': 3, 'add_pct': 1, 'dataset': 'citeseer', 'i': '2', 'gnn': 'gcn', 'eval_orig': 0}. Best is trial#142 with value: 0.7211000000000001.[0m
[32m[I 2024-04-20 19:29:25,742][0m Finished trial#147 with value: 0.7020333333333334 with parameters: {'remove_pct': 2, 'add_pct': 63, 'dataset': 'citeseer', 'i': '2', 'gnn': 'gcn', 'eval_orig': 0}. Best is trial#142 with value: 0.7211000000000001.[0m
[32m[I 2024-04-20 19:33:33,665][0m Finished trial#148 with value: 0.7076666666666667 with parameters: {'remove_pct': 12, 'add_pct': 0, 'dataset': 'citeseer', 'i': '2', 'gnn': 'gcn', 'eval_orig': 0}. Best is trial#142 with value: 0.7211000000000001.[0m
[32m[I 2024-04-20 19:37:46,074][0m Finished trial#149 with value: 0.7171 with parameters: {'remove_pct': 5, 'add_pct': 6, 'dataset': 'citeseer', 'i': '2', 'gnn': 'gcn', 'eval_orig': 0}. Best is trial#142 with value: 0.7211000000000001.[0m
[32m[I 2024-04-20 19:41:57,983][0m Finished trial#150 with value: 0.7092333333333333 with parameters: {'remove_pct': 8, 'add_pct': 9, 'dataset': 'citeseer', 'i': '2', 'gnn': 'gcn', 'eval_orig': 0}. Best is trial#142 with value: 0.7211000000000001.[0m
[32m[I 2024-04-20 19:46:07,858][0m Finished trial#151 with value: 0.7193999999999999 with parameters: {'remove_pct': 4, 'add_pct': 2, 'dataset': 'citeseer', 'i': '2', 'gnn': 'gcn', 'eval_orig': 0}. Best is trial#142 with value: 0.7211000000000001.[0m
[32m[I 2024-04-20 19:50:19,750][0m Finished trial#152 with value: 0.7211333333333333 with parameters: {'remove_pct': 3, 'add_pct': 1, 'dataset': 'citeseer', 'i': '2', 'gnn': 'gcn', 'eval_orig': 0}. Best is trial#152 with value: 0.7211333333333333.[0m
[32m[I 2024-04-20 19:54:31,585][0m Finished trial#153 with value: 0.7203666666666666 with parameters: {'remove_pct': 3, 'add_pct': 4, 'dataset': 'citeseer', 'i': '2', 'gnn': 'gcn', 'eval_orig': 0}. Best is trial#152 with value: 0.7211333333333333.[0m
[32m[I 2024-04-20 19:58:45,408][0m Finished trial#154 with value: 0.7189333333333334 with parameters: {'remove_pct': 3, 'add_pct': 4, 'dataset': 'citeseer', 'i': '2', 'gnn': 'gcn', 'eval_orig': 0}. Best is trial#152 with value: 0.7211333333333333.[0m
[32m[I 2024-04-20 20:02:55,309][0m Finished trial#155 with value: 0.7167333333333336 with parameters: {'remove_pct': 2, 'add_pct': 0, 'dataset': 'citeseer', 'i': '2', 'gnn': 'gcn', 'eval_orig': 0}. Best is trial#152 with value: 0.7211333333333333.[0m
[32m[I 2024-04-20 20:07:09,135][0m Finished trial#156 with value: 0.7135333333333332 with parameters: {'remove_pct': 0, 'add_pct': 5, 'dataset': 'citeseer', 'i': '2', 'gnn': 'gcn', 'eval_orig': 0}. Best is trial#152 with value: 0.7211333333333333.[0m
[32m[I 2024-04-20 20:11:22,567][0m Finished trial#157 with value: 0.7199000000000001 with parameters: {'remove_pct': 7, 'add_pct': 1, 'dataset': 'citeseer', 'i': '2', 'gnn': 'gcn', 'eval_orig': 0}. Best is trial#152 with value: 0.7211333333333333.[0m
[32m[I 2024-04-20 20:15:31,983][0m Finished trial#158 with value: 0.7197 with parameters: {'remove_pct': 7, 'add_pct': 3, 'dataset': 'citeseer', 'i': '2', 'gnn': 'gcn', 'eval_orig': 0}. Best is trial#152 with value: 0.7211333333333333.[0m
[32m[I 2024-04-20 20:19:41,742][0m Finished trial#159 with value: 0.7077666666666665 with parameters: {'remove_pct': 9, 'add_pct': 7, 'dataset': 'citeseer', 'i': '2', 'gnn': 'gcn', 'eval_orig': 0}. Best is trial#152 with value: 0.7211333333333333.[0m
[32m[I 2024-04-20 20:23:51,601][0m Finished trial#160 with value: 0.7160666666666666 with parameters: {'remove_pct': 0, 'add_pct': 1, 'dataset': 'citeseer', 'i': '2', 'gnn': 'gcn', 'eval_orig': 0}. Best is trial#152 with value: 0.7211333333333333.[0m
[32m[I 2024-04-20 20:28:02,196][0m Finished trial#161 with value: 0.7193999999999999 with parameters: {'remove_pct': 4, 'add_pct': 0, 'dataset': 'citeseer', 'i': '2', 'gnn': 'gcn', 'eval_orig': 0}. Best is trial#152 with value: 0.7211333333333333.[0m
[32m[I 2024-04-20 20:32:12,768][0m Finished trial#162 with value: 0.7172999999999999 with parameters: {'remove_pct': 3, 'add_pct': 4, 'dataset': 'citeseer', 'i': '2', 'gnn': 'gcn', 'eval_orig': 0}. Best is trial#152 with value: 0.7211333333333333.[0m
[32m[I 2024-04-20 20:36:23,950][0m Finished trial#163 with value: 0.7188666666666668 with parameters: {'remove_pct': 6, 'add_pct': 1, 'dataset': 'citeseer', 'i': '2', 'gnn': 'gcn', 'eval_orig': 0}. Best is trial#152 with value: 0.7211333333333333.[0m
[32m[I 2024-04-20 20:40:38,133][0m Finished trial#164 with value: 0.7194333333333333 with parameters: {'remove_pct': 2, 'add_pct': 3, 'dataset': 'citeseer', 'i': '2', 'gnn': 'gcn', 'eval_orig': 0}. Best is trial#152 with value: 0.7211333333333333.[0m
[32m[I 2024-04-20 20:44:49,506][0m Finished trial#165 with value: 0.7203666666666668 with parameters: {'remove_pct': 5, 'add_pct': 0, 'dataset': 'citeseer', 'i': '2', 'gnn': 'gcn', 'eval_orig': 0}. Best is trial#152 with value: 0.7211333333333333.[0m
[32m[I 2024-04-20 20:48:59,011][0m Finished trial#166 with value: 0.7181666666666667 with parameters: {'remove_pct': 7, 'add_pct': 5, 'dataset': 'citeseer', 'i': '2', 'gnn': 'gcn', 'eval_orig': 0}. Best is trial#152 with value: 0.7211333333333333.[0m
[32m[I 2024-04-20 20:53:08,457][0m Finished trial#167 with value: 0.7103999999999998 with parameters: {'remove_pct': 10, 'add_pct': 2, 'dataset': 'citeseer', 'i': '2', 'gnn': 'gcn', 'eval_orig': 0}. Best is trial#152 with value: 0.7211333333333333.[0m
[32m[I 2024-04-20 20:57:20,517][0m Finished trial#168 with value: 0.7205333333333334 with parameters: {'remove_pct': 5, 'add_pct': 1, 'dataset': 'citeseer', 'i': '2', 'gnn': 'gcn', 'eval_orig': 0}. Best is trial#152 with value: 0.7211333333333333.[0m
[32m[I 2024-04-20 21:01:31,557][0m Finished trial#169 with value: 0.7172999999999999 with parameters: {'remove_pct': 5, 'add_pct': 6, 'dataset': 'citeseer', 'i': '2', 'gnn': 'gcn', 'eval_orig': 0}. Best is trial#152 with value: 0.7211333333333333.[0m
[32m[I 2024-04-20 21:05:42,000][0m Finished trial#170 with value: 0.7196666666666669 with parameters: {'remove_pct': 1, 'add_pct': 3, 'dataset': 'citeseer', 'i': '2', 'gnn': 'gcn', 'eval_orig': 0}. Best is trial#152 with value: 0.7211333333333333.[0m
[32m[I 2024-04-20 21:09:52,993][0m Finished trial#171 with value: 0.7178 with parameters: {'remove_pct': 6, 'add_pct': 0, 'dataset': 'citeseer', 'i': '2', 'gnn': 'gcn', 'eval_orig': 0}. Best is trial#152 with value: 0.7211333333333333.[0m
[32m[I 2024-04-20 21:14:01,838][0m Finished trial#172 with value: 0.7200000000000001 with parameters: {'remove_pct': 3, 'add_pct': 1, 'dataset': 'citeseer', 'i': '2', 'gnn': 'gcn', 'eval_orig': 0}. Best is trial#152 with value: 0.7211333333333333.[0m
[32m[I 2024-04-20 21:18:13,599][0m Finished trial#173 with value: 0.7180666666666665 with parameters: {'remove_pct': 2, 'add_pct': 0, 'dataset': 'citeseer', 'i': '2', 'gnn': 'gcn', 'eval_orig': 0}. Best is trial#152 with value: 0.7211333333333333.[0m
[32m[I 2024-04-20 21:22:27,343][0m Finished trial#174 with value: 0.7178 with parameters: {'remove_pct': 4, 'add_pct': 4, 'dataset': 'citeseer', 'i': '2', 'gnn': 'gcn', 'eval_orig': 0}. Best is trial#152 with value: 0.7211333333333333.[0m
[32m[I 2024-04-20 21:26:38,636][0m Finished trial#175 with value: 0.7164666666666667 with parameters: {'remove_pct': 0, 'add_pct': 2, 'dataset': 'citeseer', 'i': '2', 'gnn': 'gcn', 'eval_orig': 0}. Best is trial#152 with value: 0.7211333333333333.[0m
[32m[I 2024-04-20 21:30:52,222][0m Finished trial#176 with value: 0.7195 with parameters: {'remove_pct': 3, 'add_pct': 1, 'dataset': 'citeseer', 'i': '2', 'gnn': 'gcn', 'eval_orig': 0}. Best is trial#152 with value: 0.7211333333333333.[0m
[32m[I 2024-04-20 21:35:07,361][0m Finished trial#177 with value: 0.7182333333333333 with parameters: {'remove_pct': 5, 'add_pct': 4, 'dataset': 'citeseer', 'i': '2', 'gnn': 'gcn', 'eval_orig': 0}. Best is trial#152 with value: 0.7211333333333333.[0m
[32m[I 2024-04-20 21:39:19,014][0m Finished trial#178 with value: 0.7138666666666668 with parameters: {'remove_pct': 2, 'add_pct': 8, 'dataset': 'citeseer', 'i': '2', 'gnn': 'gcn', 'eval_orig': 0}. Best is trial#152 with value: 0.7211333333333333.[0m
[32m[I 2024-04-20 21:43:28,161][0m Finished trial#179 with value: 0.7187333333333332 with parameters: {'remove_pct': 3, 'add_pct': 0, 'dataset': 'citeseer', 'i': '2', 'gnn': 'gcn', 'eval_orig': 0}. Best is trial#152 with value: 0.7211333333333333.[0m
[32m[I 2024-04-20 21:47:40,112][0m Finished trial#180 with value: 0.7168 with parameters: {'remove_pct': 0, 'add_pct': 3, 'dataset': 'citeseer', 'i': '2', 'gnn': 'gcn', 'eval_orig': 0}. Best is trial#152 with value: 0.7211333333333333.[0m
[32m[I 2024-04-20 21:51:50,241][0m Finished trial#181 with value: 0.7180666666666666 with parameters: {'remove_pct': 7, 'add_pct': 1, 'dataset': 'citeseer', 'i': '2', 'gnn': 'gcn', 'eval_orig': 0}. Best is trial#152 with value: 0.7211333333333333.[0m
[32m[I 2024-04-20 21:56:00,695][0m Finished trial#182 with value: 0.7192333333333334 with parameters: {'remove_pct': 6, 'add_pct': 2, 'dataset': 'citeseer', 'i': '2', 'gnn': 'gcn', 'eval_orig': 0}. Best is trial#152 with value: 0.7211333333333333.[0m
[32m[I 2024-04-20 22:00:13,860][0m Finished trial#183 with value: 0.7190666666666666 with parameters: {'remove_pct': 5, 'add_pct': 5, 'dataset': 'citeseer', 'i': '2', 'gnn': 'gcn', 'eval_orig': 0}. Best is trial#152 with value: 0.7211333333333333.[0m
[32m[I 2024-04-20 22:04:23,183][0m Finished trial#184 with value: 0.7155333333333334 with parameters: {'remove_pct': 8, 'add_pct': 0, 'dataset': 'citeseer', 'i': '2', 'gnn': 'gcn', 'eval_orig': 0}. Best is trial#152 with value: 0.7211333333333333.[0m
[32m[I 2024-04-20 22:08:26,390][0m Finished trial#185 with value: 0.6826333333333334 with parameters: {'remove_pct': 36, 'add_pct': 2, 'dataset': 'citeseer', 'i': '2', 'gnn': 'gcn', 'eval_orig': 0}. Best is trial#152 with value: 0.7211333333333333.[0m
[32m[I 2024-04-20 22:12:39,988][0m Finished trial#186 with value: 0.7174666666666665 with parameters: {'remove_pct': 4, 'add_pct': 6, 'dataset': 'citeseer', 'i': '2', 'gnn': 'gcn', 'eval_orig': 0}. Best is trial#152 with value: 0.7211333333333333.[0m
[32m[I 2024-04-20 22:16:49,503][0m Finished trial#187 with value: 0.7196000000000001 with parameters: {'remove_pct': 7, 'add_pct': 0, 'dataset': 'citeseer', 'i': '2', 'gnn': 'gcn', 'eval_orig': 0}. Best is trial#152 with value: 0.7211333333333333.[0m
[32m[I 2024-04-20 22:21:05,840][0m Finished trial#188 with value: 0.7198 with parameters: {'remove_pct': 1, 'add_pct': 3, 'dataset': 'citeseer', 'i': '2', 'gnn': 'gcn', 'eval_orig': 0}. Best is trial#152 with value: 0.7211333333333333.[0m
[32m[I 2024-04-20 22:25:17,581][0m Finished trial#189 with value: 0.7205666666666667 with parameters: {'remove_pct': 4, 'add_pct': 1, 'dataset': 'citeseer', 'i': '2', 'gnn': 'gcn', 'eval_orig': 0}. Best is trial#152 with value: 0.7211333333333333.[0m
[32m[I 2024-04-20 22:29:30,824][0m Finished trial#190 with value: 0.7198 with parameters: {'remove_pct': 3, 'add_pct': 5, 'dataset': 'citeseer', 'i': '2', 'gnn': 'gcn', 'eval_orig': 0}. Best is trial#152 with value: 0.7211333333333333.[0m
[32m[I 2024-04-20 22:33:39,484][0m Finished trial#191 with value: 0.7192000000000001 with parameters: {'remove_pct': 5, 'add_pct': 1, 'dataset': 'citeseer', 'i': '2', 'gnn': 'gcn', 'eval_orig': 0}. Best is trial#152 with value: 0.7211333333333333.[0m
[32m[I 2024-04-20 22:37:49,853][0m Finished trial#192 with value: 0.7185999999999999 with parameters: {'remove_pct': 3, 'add_pct': 0, 'dataset': 'citeseer', 'i': '2', 'gnn': 'gcn', 'eval_orig': 0}. Best is trial#152 with value: 0.7211333333333333.[0m
[32m[I 2024-04-20 22:42:01,087][0m Finished trial#193 with value: 0.7205333333333332 with parameters: {'remove_pct': 5, 'add_pct': 3, 'dataset': 'citeseer', 'i': '2', 'gnn': 'gcn', 'eval_orig': 0}. Best is trial#152 with value: 0.7211333333333333.[0m
[32m[I 2024-04-20 22:46:12,855][0m Finished trial#194 with value: 0.7202999999999999 with parameters: {'remove_pct': 4, 'add_pct': 3, 'dataset': 'citeseer', 'i': '2', 'gnn': 'gcn', 'eval_orig': 0}. Best is trial#152 with value: 0.7211333333333333.[0m
[32m[I 2024-04-20 22:50:24,847][0m Finished trial#195 with value: 0.7188333333333332 with parameters: {'remove_pct': 5, 'add_pct': 4, 'dataset': 'citeseer', 'i': '2', 'gnn': 'gcn', 'eval_orig': 0}. Best is trial#152 with value: 0.7211333333333333.[0m
[32m[I 2024-04-20 22:54:36,287][0m Finished trial#196 with value: 0.7200333333333333 with parameters: {'remove_pct': 1, 'add_pct': 3, 'dataset': 'citeseer', 'i': '2', 'gnn': 'gcn', 'eval_orig': 0}. Best is trial#152 with value: 0.7211333333333333.[0m
[32m[I 2024-04-20 22:58:46,577][0m Finished trial#197 with value: 0.7102 with parameters: {'remove_pct': 9, 'add_pct': 7, 'dataset': 'citeseer', 'i': '2', 'gnn': 'gcn', 'eval_orig': 0}. Best is trial#152 with value: 0.7211333333333333.[0m
[32m[I 2024-04-20 23:03:00,567][0m Finished trial#198 with value: 0.7204999999999997 with parameters: {'remove_pct': 4, 'add_pct': 3, 'dataset': 'citeseer', 'i': '2', 'gnn': 'gcn', 'eval_orig': 0}. Best is trial#152 with value: 0.7211333333333333.[0m
[32m[I 2024-04-20 23:07:15,139][0m Finished trial#199 with value: 0.7182333333333335 with parameters: {'remove_pct': 4, 'add_pct': 5, 'dataset': 'citeseer', 'i': '2', 'gnn': 'gcn', 'eval_orig': 0}. Best is trial#152 with value: 0.7211333333333333.[0m

<class 'numpy.ndarray'>
<class 'scipy.sparse.csr.csr_matrix'>
<class 'numpy.ndarray'>
<class 'scipy.sparse.csr.csr_matrix'>
<class 'numpy.ndarray'>
<class 'scipy.sparse.csr.csr_matrix'>
<class 'numpy.ndarray'>
<class 'scipy.sparse.csr.csr_matrix'>
<class 'numpy.ndarray'>
<class 'scipy.sparse.csr.csr_matrix'>
<class 'numpy.ndarray'>
<class 'scipy.sparse.csr.csr_matrix'>
<class 'numpy.ndarray'>
<class 'scipy.sparse.csr.csr_matrix'>
<class 'numpy.ndarray'>
<class 'scipy.sparse.csr.csr_matrix'>
<class 'numpy.ndarray'>
<class 'scipy.sparse.csr.csr_matrix'>
<class 'numpy.ndarray'>
<class 'scipy.sparse.csr.csr_matrix'>
<class 'numpy.ndarray'>
<class 'scipy.sparse.csr.csr_matrix'>
<class 'numpy.ndarray'>
<class 'scipy.sparse.csr.csr_matrix'>
<class 'numpy.ndarray'>
<class 'scipy.sparse.csr.csr_matrix'>
<class 'numpy.ndarray'>
<class 'scipy.sparse.csr.csr_matrix'>
<class 'numpy.ndarray'>
<class 'scipy.sparse.csr.csr_matrix'>
<class 'numpy.ndarray'>
<class 'scipy.sparse.csr.csr_matrix'>
<class 'numpy.ndarray'>
<class 'scipy.sparse.csr.csr_matrix'>
<class 'numpy.ndarray'>
<class 'scipy.sparse.csr.csr_matrix'>
<class 'numpy.ndarray'>
<class 'scipy.sparse.csr.csr_matrix'>
<class 'numpy.ndarray'>
<class 'scipy.sparse.csr.csr_matrix'>
<class 'numpy.ndarray'>
<class 'scipy.sparse.csr.csr_matrix'>
<class 'numpy.ndarray'>
<class 'scipy.sparse.csr.csr_matrix'>
<class 'numpy.ndarray'>
<class 'scipy.sparse.csr.csr_matrix'>
<class 'numpy.ndarray'>
<class 'scipy.sparse.csr.csr_matrix'>
<class 'numpy.ndarray'>
<class 'scipy.sparse.csr.csr_matrix'>
<class 'numpy.ndarray'>
<class 'scipy.sparse.csr.csr_matrix'>
<class 'numpy.ndarray'>
<class 'scipy.sparse.csr.csr_matrix'>
<class 'numpy.ndarray'>
<class 'scipy.sparse.csr.csr_matrix'>
<class 'numpy.ndarray'>
<class 'scipy.sparse.csr.csr_matrix'>
<class 'numpy.ndarray'>
<class 'scipy.sparse.csr.csr_matrix'>
<class 'numpy.ndarray'>
<class 'scipy.sparse.csr.csr_matrix'>
<class 'numpy.ndarray'>
<class 'scipy.sparse.csr.csr_matrix'>
<class 'numpy.ndarray'>
<class 'scipy.sparse.csr.csr_matrix'>
<class 'numpy.ndarray'>
<class 'scipy.sparse.csr.csr_matrix'>
<class 'numpy.ndarray'>
<class 'scipy.sparse.csr.csr_matrix'>
<class 'numpy.ndarray'>
<class 'scipy.sparse.csr.csr_matrix'>
<class 'numpy.ndarray'>
<class 'scipy.sparse.csr.csr_matrix'>
<class 'numpy.ndarray'>
<class 'scipy.sparse.csr.csr_matrix'>
<class 'numpy.ndarray'>
<class 'scipy.sparse.csr.csr_matrix'>
<class 'numpy.ndarray'>
<class 'scipy.sparse.csr.csr_matrix'>
<class 'numpy.ndarray'>
<class 'scipy.sparse.csr.csr_matrix'>
<class 'numpy.ndarray'>
<class 'scipy.sparse.csr.csr_matrix'>
<class 'numpy.ndarray'>
<class 'scipy.sparse.csr.csr_matrix'>
<class 'numpy.ndarray'>
<class 'scipy.sparse.csr.csr_matrix'>
<class 'numpy.ndarray'>
<class 'scipy.sparse.csr.csr_matrix'>
<class 'numpy.ndarray'>
<class 'scipy.sparse.csr.csr_matrix'>
<class 'numpy.ndarray'>
<class 'scipy.sparse.csr.csr_matrix'>
<class 'numpy.ndarray'>
<class 'scipy.sparse.csr.csr_matrix'>
<class 'numpy.ndarray'>
<class 'scipy.sparse.csr.csr_matrix'>
<class 'numpy.ndarray'>
<class 'scipy.sparse.csr.csr_matrix'>
<class 'numpy.ndarray'>
<class 'scipy.sparse.csr.csr_matrix'>
<class 'numpy.ndarray'>
<class 'scipy.sparse.csr.csr_matrix'>
<class 'numpy.ndarray'>
<class 'scipy.sparse.csr.csr_matrix'>
<class 'numpy.ndarray'>
<class 'scipy.sparse.csr.csr_matrix'>
<class 'numpy.ndarray'>
<class 'scipy.sparse.csr.csr_matrix'>
<class 'numpy.ndarray'>
<class 'scipy.sparse.csr.csr_matrix'>
<class 'numpy.ndarray'>
<class 'scipy.sparse.csr.csr_matrix'>
<class 'numpy.ndarray'>
<class 'scipy.sparse.csr.csr_matrix'>
<class 'numpy.ndarray'>
<class 'scipy.sparse.csr.csr_matrix'>
<class 'numpy.ndarray'>
<class 'scipy.sparse.csr.csr_matrix'>
<class 'numpy.ndarray'>
<class 'scipy.sparse.csr.csr_matrix'>
<class 'numpy.ndarray'>
<class 'scipy.sparse.csr.csr_matrix'>
<class 'numpy.ndarray'>
<class 'scipy.sparse.csr.csr_matrix'>
<class 'numpy.ndarray'>
<class 'scipy.sparse.csr.csr_matrix'>
<class 'numpy.ndarray'>
<class 'scipy.sparse.csr.csr_matrix'>
<class 'numpy.ndarray'>
<class 'scipy.sparse.csr.csr_matrix'>
<class 'numpy.ndarray'>
<class 'scipy.sparse.csr.csr_matrix'>
<class 'numpy.ndarray'>
Number of finished trials:  200
Best trial:
  Value:  0.7211333333333333
  Params: 
    remove_pct: 3
    add_pct: 1
    dataset: citeseer
    i: 2
    gnn: gcn
    eval_orig: 0
